# JRE version: Java(TM) SE Runtime Environment (8.0_91-b14) (build 1.8.0_91-b14)
# Java VM: Java HotSpot(TM) 64-Bit Server VM (25.91-b14 mixed mode windows-amd64 compressed oops)
Heap:
 par new generation   total 314560K, used 84189K [0x00000000c0000000, 0x00000000d5550000, 0x00000000d5550000)
  eden space 279616K,  17% used [0x00000000c0000000, 0x00000000c3017610, 0x00000000d1110000)
  from space 34944K, 100% used [0x00000000d3330000, 0x00000000d5550000, 0x00000000d5550000)
  to   space 34944K,   0% used [0x00000000d1110000, 0x00000000d1110000, 0x00000000d3330000)
 concurrent mark-sweep generation total 699072K, used 613510K [0x00000000d5550000, 0x0000000100000000, 0x0000000100000000)
 Metaspace       used 48613K, capacity 48945K, committed 49536K, reserved 1093632K
  class space    used 5782K, capacity 5890K, committed 6016K, reserved 1048576K
GC Heap History (10 events):
Event: 411.740 GC heap before
{Heap before GC invocations=130 (full 21):
 par new generation   total 314560K, used 286882K [0x00000000c0000000, 0x00000000d5550000, 0x00000000d5550000)
  eden space 279616K, 100% used [0x00000000c0000000, 0x00000000d1110000, 0x00000000d1110000)
  from space 34944K,  20% used [0x00000000d1110000, 0x00000000d1828948, 0x00000000d3330000)
  to   space 34944K,   0% used [0x00000000d3330000, 0x00000000d3330000, 0x00000000d5550000)
 concurrent mark-sweep generation total 699072K, used 593451K [0x00000000d5550000, 0x0000000100000000, 0x0000000100000000)
 Metaspace       used 48534K, capacity 48881K, committed 49536K, reserved 1093632K
  class space    used 5772K, capacity 5890K, committed 6016K, reserved 1048576K
Event: 411.747 GC heap after
Heap after GC invocations=131 (full 21):
 par new generation   total 314560K, used 13566K [0x00000000c0000000, 0x00000000d5550000, 0x00000000d5550000)
  eden space 279616K,   0% used [0x00000000c0000000, 0x00000000c0000000, 0x00000000d1110000)
  from space 34944K,  38% used [0x00000000d3330000, 0x00000000d406f908, 0x00000000d5550000)
  to   space 34944K,   0% used [0x00000000d1110000, 0x00000000d1110000, 0x00000000d3330000)
 concurrent mark-sweep generation total 699072K, used 593626K [0x00000000d5550000, 0x0000000100000000, 0x0000000100000000)
 Metaspace       used 48534K, capacity 48881K, committed 49536K, reserved 1093632K
  class space    used 5772K, capacity 5890K, committed 6016K, reserved 1048576K
}
Event: 412.876 GC heap before
{Heap before GC invocations=131 (full 21):
 par new generation   total 314560K, used 293182K [0x00000000c0000000, 0x00000000d5550000, 0x00000000d5550000)
  eden space 279616K, 100% used [0x00000000c0000000, 0x00000000d1110000, 0x00000000d1110000)
  from space 34944K,  38% used [0x00000000d3330000, 0x00000000d406f908, 0x00000000d5550000)
  to   space 34944K,   0% used [0x00000000d1110000, 0x00000000d1110000, 0x00000000d3330000)
 concurrent mark-sweep generation total 699072K, used 593626K [0x00000000d5550000, 0x0000000100000000, 0x0000000100000000)
 Metaspace       used 48535K, capacity 48881K, committed 49536K, reserved 1093632K
  class space    used 5772K, capacity 5890K, committed 6016K, reserved 1048576K
Event: 412.884 GC heap after
Heap after GC invocations=132 (full 21):
 par new generation   total 314560K, used 21476K [0x00000000c0000000, 0x00000000d5550000, 0x00000000d5550000)
  eden space 279616K,   0% used [0x00000000c0000000, 0x00000000c0000000, 0x00000000d1110000)
  from space 34944K,  61% used [0x00000000d1110000, 0x00000000d26093c8, 0x00000000d3330000)
  to   space 34944K,   0% used [0x00000000d3330000, 0x00000000d3330000, 0x00000000d5550000)
 concurrent mark-sweep generation total 699072K, used 593955K [0x00000000d5550000, 0x0000000100000000, 0x0000000100000000)
 Metaspace       used 48535K, capacity 48881K, committed 49536K, reserved 1093632K
  class space    used 5772K, capacity 5890K, committed 6016K, reserved 1048576K
}
Event: 414.052 GC heap before
{Heap before GC invocations=132 (full 21):
 par new generation   total 314560K, used 301092K [0x00000000c0000000, 0x00000000d5550000, 0x00000000d5550000)
  eden space 279616K, 100% used [0x00000000c0000000, 0x00000000d1110000, 0x00000000d1110000)
  from space 34944K,  61% used [0x00000000d1110000, 0x00000000d26093c8, 0x00000000d3330000)
  to   space 34944K,   0% used [0x00000000d3330000, 0x00000000d3330000, 0x00000000d5550000)
 concurrent mark-sweep generation total 699072K, used 593955K [0x00000000d5550000, 0x0000000100000000, 0x0000000100000000)
 Metaspace       used 48544K, capacity 48945K, committed 49536K, reserved 1093632K
  class space    used 5772K, capacity 5890K, committed 6016K, reserved 1048576K
Event: 414.062 GC heap after
Heap after GC invocations=133 (full 21):
 par new generation   total 314560K, used 25266K [0x00000000c0000000, 0x00000000d5550000, 0x00000000d5550000)
  eden space 279616K,   0% used [0x00000000c0000000, 0x00000000c0000000, 0x00000000d1110000)
  from space 34944K,  72% used [0x00000000d3330000, 0x00000000d4bdc860, 0x00000000d5550000)
  to   space 34944K,   0% used [0x00000000d1110000, 0x00000000d1110000, 0x00000000d3330000)
 concurrent mark-sweep generation total 699072K, used 594175K [0x00000000d5550000, 0x0000000100000000, 0x0000000100000000)
 Metaspace       used 48544K, capacity 48945K, committed 49536K, reserved 1093632K
  class space    used 5772K, capacity 5890K, committed 6016K, reserved 1048576K
}
Event: 414.947 GC heap before
{Heap before GC invocations=133 (full 21):
 par new generation   total 314560K, used 304882K [0x00000000c0000000, 0x00000000d5550000, 0x00000000d5550000)
  eden space 279616K, 100% used [0x00000000c0000000, 0x00000000d1110000, 0x00000000d1110000)
  from space 34944K,  72% used [0x00000000d3330000, 0x00000000d4bdc860, 0x00000000d5550000)
  to   space 34944K,   0% used [0x00000000d1110000, 0x00000000d1110000, 0x00000000d3330000)
 concurrent mark-sweep generation total 699072K, used 594175K [0x00000000d5550000, 0x0000000100000000, 0x0000000100000000)
 Metaspace       used 48548K, capacity 48945K, committed 49536K, reserved 1093632K
  class space    used 5772K, capacity 5890K, committed 6016K, reserved 1048576K
Event: 414.958 GC heap after
Heap after GC invocations=134 (full 21):
 par new generation   total 314560K, used 29260K [0x00000000c0000000, 0x00000000d5550000, 0x00000000d5550000)
  eden space 279616K,   0% used [0x00000000c0000000, 0x00000000c0000000, 0x00000000d1110000)
  from space 34944K,  83% used [0x00000000d1110000, 0x00000000d2da31d0, 0x00000000d3330000)
  to   space 34944K,   0% used [0x00000000d3330000, 0x00000000d3330000, 0x00000000d5550000)
 concurrent mark-sweep generation total 699072K, used 596457K [0x00000000d5550000, 0x0000000100000000, 0x0000000100000000)
 Metaspace       used 48548K, capacity 48945K, committed 49536K, reserved 1093632K
  class space    used 5772K, capacity 5890K, committed 6016K, reserved 1048576K
}
Event: 416.551 GC heap before
{Heap before GC invocations=134 (full 21):
 par new generation   total 314560K, used 308876K [0x00000000c0000000, 0x00000000d5550000, 0x00000000d5550000)
  eden space 279616K, 100% used [0x00000000c0000000, 0x00000000d1110000, 0x00000000d1110000)
  from space 34944K,  83% used [0x00000000d1110000, 0x00000000d2da31d0, 0x00000000d3330000)
  to   space 34944K,   0% used [0x00000000d3330000, 0x00000000d3330000, 0x00000000d5550000)
 concurrent mark-sweep generation total 699072K, used 596457K [0x00000000d5550000, 0x0000000100000000, 0x0000000100000000)
 Metaspace       used 48550K, capacity 48945K, committed 49536K, reserved 1093632K
  class space    used 5772K, capacity 5890K, committed 6016K, reserved 1048576K
Event: 416.597 GC heap after
Heap after GC invocations=135 (full 21):
 par new generation   total 314560K, used 34944K [0x00000000c0000000, 0x00000000d5550000, 0x00000000d5550000)
  eden space 279616K,   0% used [0x00000000c0000000, 0x00000000c0000000, 0x00000000d1110000)
  from space 34944K, 100% used [0x00000000d3330000, 0x00000000d5550000, 0x00000000d5550000)
  to   space 34944K,   0% used [0x00000000d1110000, 0x00000000d1110000, 0x00000000d3330000)
 concurrent mark-sweep generation total 699072K, used 613510K [0x00000000d5550000, 0x0000000100000000, 0x0000000100000000)
 Metaspace       used 48550K, capacity 48945K, committed 49536K, reserved 1093632K
  class space    used 5772K, capacity 5890K, committed 6016K, reserved 1048576K
}

