# JRE version: Java(TM) SE Runtime Environment (8.0_91-b14) (build 1.8.0_91-b14)
# Java VM: Java HotSpot(TM) 64-Bit Server VM (25.91-b14 mixed mode windows-amd64 compressed oops)
Heap:
 par new generation   total 314560K, used 138602K [0x00000000c0000000, 0x00000000d5550000, 0x00000000d5550000)
  eden space 279616K,  37% used [0x00000000c0000000, 0x00000000c653abc8, 0x00000000d1110000)
  from space 34944K, 100% used [0x00000000d1110000, 0x00000000d3330000, 0x00000000d3330000)
  to   space 34944K,   0% used [0x00000000d3330000, 0x00000000d3330000, 0x00000000d5550000)
 concurrent mark-sweep generation total 699072K, used 651822K [0x00000000d5550000, 0x0000000100000000, 0x0000000100000000)
 Metaspace       used 49280K, capacity 49553K, committed 50048K, reserved 1093632K
  class space    used 5795K, capacity 5908K, committed 6016K, reserved 1048576K
GC Heap History (10 events):
Event: 313.383 GC heap before
{Heap before GC invocations=175 (full 26):
 par new generation   total 314560K, used 314560K [0x00000000c0000000, 0x00000000d5550000, 0x00000000d5550000)
  eden space 279616K, 100% used [0x00000000c0000000, 0x00000000d1110000, 0x00000000d1110000)
  from space 34944K, 100% used [0x00000000d3330000, 0x00000000d5550000, 0x00000000d5550000)
  to   space 34944K,   0% used [0x00000000d1110000, 0x00000000d1110000, 0x00000000d3330000)
 concurrent mark-sweep generation total 699072K, used 614545K [0x00000000d5550000, 0x0000000100000000, 0x0000000100000000)
 Metaspace       used 49199K, capacity 49521K, committed 49920K, reserved 1093632K
  class space    used 5785K, capacity 5876K, committed 5888K, reserved 1048576K
Event: 313.405 GC heap after
Heap after GC invocations=176 (full 26):
 par new generation   total 314560K, used 23798K [0x00000000c0000000, 0x00000000d5550000, 0x00000000d5550000)
  eden space 279616K,   0% used [0x00000000c0000000, 0x00000000c0000000, 0x00000000d1110000)
  from space 34944K,  68% used [0x00000000d1110000, 0x00000000d284d940, 0x00000000d3330000)
  to   space 34944K,   0% used [0x00000000d3330000, 0x00000000d3330000, 0x00000000d5550000)
 concurrent mark-sweep generation total 699072K, used 624719K [0x00000000d5550000, 0x0000000100000000, 0x0000000100000000)
 Metaspace       used 49199K, capacity 49521K, committed 49920K, reserved 1093632K
  class space    used 5785K, capacity 5876K, committed 5888K, reserved 1048576K
}
Event: 314.496 GC heap before
{Heap before GC invocations=176 (full 26):
 par new generation   total 314560K, used 303414K [0x00000000c0000000, 0x00000000d5550000, 0x00000000d5550000)
  eden space 279616K, 100% used [0x00000000c0000000, 0x00000000d1110000, 0x00000000d1110000)
  from space 34944K,  68% used [0x00000000d1110000, 0x00000000d284d940, 0x00000000d3330000)
  to   space 34944K,   0% used [0x00000000d3330000, 0x00000000d3330000, 0x00000000d5550000)
 concurrent mark-sweep generation total 699072K, used 624719K [0x00000000d5550000, 0x0000000100000000, 0x0000000100000000)
 Metaspace       used 49199K, capacity 49521K, committed 49920K, reserved 1093632K
  class space    used 5785K, capacity 5876K, committed 5888K, reserved 1048576K
Event: 314.504 GC heap after
Heap after GC invocations=177 (full 26):
 par new generation   total 314560K, used 18252K [0x00000000c0000000, 0x00000000d5550000, 0x00000000d5550000)
  eden space 279616K,   0% used [0x00000000c0000000, 0x00000000c0000000, 0x00000000d1110000)
  from space 34944K,  52% used [0x00000000d3330000, 0x00000000d4503190, 0x00000000d5550000)
  to   space 34944K,   0% used [0x00000000d1110000, 0x00000000d1110000, 0x00000000d3330000)
 concurrent mark-sweep generation total 699072K, used 624719K [0x00000000d5550000, 0x0000000100000000, 0x0000000100000000)
 Metaspace       used 49199K, capacity 49521K, committed 49920K, reserved 1093632K
  class space    used 5785K, capacity 5876K, committed 5888K, reserved 1048576K
}
Event: 315.629 GC heap before
{Heap before GC invocations=177 (full 26):
 par new generation   total 314560K, used 297868K [0x00000000c0000000, 0x00000000d5550000, 0x00000000d5550000)
  eden space 279616K, 100% used [0x00000000c0000000, 0x00000000d1110000, 0x00000000d1110000)
  from space 34944K,  52% used [0x00000000d3330000, 0x00000000d4503190, 0x00000000d5550000)
  to   space 34944K,   0% used [0x00000000d1110000, 0x00000000d1110000, 0x00000000d3330000)
 concurrent mark-sweep generation total 699072K, used 624719K [0x00000000d5550000, 0x0000000100000000, 0x0000000100000000)
 Metaspace       used 49206K, capacity 49521K, committed 49920K, reserved 1093632K
  class space    used 5785K, capacity 5876K, committed 5888K, reserved 1048576K
Event: 315.638 GC heap after
Heap after GC invocations=178 (full 26):
 par new generation   total 314560K, used 18905K [0x00000000c0000000, 0x00000000d5550000, 0x00000000d5550000)
  eden space 279616K,   0% used [0x00000000c0000000, 0x00000000c0000000, 0x00000000d1110000)
  from space 34944K,  54% used [0x00000000d1110000, 0x00000000d23866a0, 0x00000000d3330000)
  to   space 34944K,   0% used [0x00000000d3330000, 0x00000000d3330000, 0x00000000d5550000)
 concurrent mark-sweep generation total 699072K, used 624719K [0x00000000d5550000, 0x0000000100000000, 0x0000000100000000)
 Metaspace       used 49206K, capacity 49521K, committed 49920K, reserved 1093632K
  class space    used 5785K, capacity 5876K, committed 5888K, reserved 1048576K
}
Event: 317.013 GC heap before
{Heap before GC invocations=178 (full 26):
 par new generation   total 314560K, used 298521K [0x00000000c0000000, 0x00000000d5550000, 0x00000000d5550000)
  eden space 279616K, 100% used [0x00000000c0000000, 0x00000000d1110000, 0x00000000d1110000)
  from space 34944K,  54% used [0x00000000d1110000, 0x00000000d23866a0, 0x00000000d3330000)
  to   space 34944K,   0% used [0x00000000d3330000, 0x00000000d3330000, 0x00000000d5550000)
 concurrent mark-sweep generation total 699072K, used 624719K [0x00000000d5550000, 0x0000000100000000, 0x0000000100000000)
 Metaspace       used 49213K, capacity 49521K, committed 49920K, reserved 1093632K
  class space    used 5785K, capacity 5876K, committed 5888K, reserved 1048576K
Event: 317.030 GC heap after
Heap after GC invocations=179 (full 26):
 par new generation   total 314560K, used 34944K [0x00000000c0000000, 0x00000000d5550000, 0x00000000d5550000)
  eden space 279616K,   0% used [0x00000000c0000000, 0x00000000c0000000, 0x00000000d1110000)
  from space 34944K, 100% used [0x00000000d3330000, 0x00000000d5550000, 0x00000000d5550000)
  to   space 34944K,   0% used [0x00000000d1110000, 0x00000000d1110000, 0x00000000d3330000)
 concurrent mark-sweep generation total 699072K, used 627048K [0x00000000d5550000, 0x0000000100000000, 0x0000000100000000)
 Metaspace       used 49213K, capacity 49521K, committed 49920K, reserved 1093632K
  class space    used 5785K, capacity 5876K, committed 5888K, reserved 1048576K
}
Event: 318.268 GC heap before
{Heap before GC invocations=179 (full 26):
 par new generation   total 314560K, used 314560K [0x00000000c0000000, 0x00000000d5550000, 0x00000000d5550000)
  eden space 279616K, 100% used [0x00000000c0000000, 0x00000000d1110000, 0x00000000d1110000)
  from space 34944K, 100% used [0x00000000d3330000, 0x00000000d5550000, 0x00000000d5550000)
  to   space 34944K,   0% used [0x00000000d1110000, 0x00000000d1110000, 0x00000000d3330000)
 concurrent mark-sweep generation total 699072K, used 627048K [0x00000000d5550000, 0x0000000100000000, 0x0000000100000000)
 Metaspace       used 49220K, capacity 49521K, committed 49920K, reserved 1093632K
  class space    used 5785K, capacity 5876K, committed 5888K, reserved 1048576K
Event: 318.299 GC heap after
Heap after GC invocations=180 (full 26):
 par new generation   total 314560K, used 34944K [0x00000000c0000000, 0x00000000d5550000, 0x00000000d5550000)
  eden space 279616K,   0% used [0x00000000c0000000, 0x00000000c0000000, 0x00000000d1110000)
  from space 34944K, 100% used [0x00000000d1110000, 0x00000000d3330000, 0x00000000d3330000)
  to   space 34944K,   0% used [0x00000000d3330000, 0x00000000d3330000, 0x00000000d5550000)
 concurrent mark-sweep generation total 699072K, used 651822K [0x00000000d5550000, 0x0000000100000000, 0x0000000100000000)
 Metaspace       used 49220K, capacity 49521K, committed 49920K, reserved 1093632K
  class space    used 5785K, capacity 5876K, committed 5888K, reserved 1048576K
}

